<?xml version="1.0" encoding="UTF-8"?>
<!-- Generated by org.testng.reporters.JUnitReportReporter -->
<testsuite hostname="LAPTOP-VIJ7KV3T" failures="0" tests="1" name="module2.SampleTest3" time="0.002" errors="0" timestamp="2023-10-30T10:49:41 IST" skipped="0">
  <testcase classname="module2.SampleTest3" name="test4" time="0.002"/>
  <system-out/>
</testsuite> <!-- module2.SampleTest3 -->
