<?xml version="1.0" encoding="UTF-8"?>
<!-- Generated by org.testng.reporters.JUnitReportReporter -->
<testsuite hostname="LAPTOP-VIJ7KV3T" failures="0" tests="1" name="module1.SampleTest2" time="0.001" errors="0" timestamp="2023-10-30T09:32:16 IST" skipped="0">
  <testcase classname="module1.SampleTest2" name="test3" time="0.001"/>
  <system-out/>
</testsuite> <!-- module1.SampleTest2 -->
