<?xml version="1.0" encoding="UTF-8"?>
<!-- Generated by org.testng.reporters.JUnitReportReporter -->
<testsuite hostname="LAPTOP-VIJ7KV3T" failures="0" tests="2" name="test1.SampleTest1" time="0.006" errors="0" timestamp="2023-10-30T09:17:47 IST" skipped="0">
  <testcase classname="test1.SampleTest1" name="test2" time="0.004"/>
  <system-out/>
  <testcase classname="test1.SampleTest1" name="test1" time="0.002"/>
  <system-out/>
</testsuite> <!-- test1.SampleTest1 -->
