<?xml version="1.0" encoding="UTF-8"?>
<!-- Generated by org.testng.reporters.JUnitReportReporter -->
<testsuite hostname="LAPTOP-VIJ7KV3T" failures="0" tests="2" name="module1.SampleTest1" time="0.151" errors="0" timestamp="2023-10-30T10:49:41 IST" skipped="0">
  <testcase classname="module1.SampleTest1" name="test2" time="0.005"/>
  <system-out/>
  <testcase classname="module1.SampleTest1" name="searchItem" time="0.146"/>
  <system-out/>
</testsuite> <!-- module1.SampleTest1 -->
